<?xml version="1.0" encoding="UTF-8"?>
<!-- Generated by org.testng.reporters.JUnitReportReporter -->
<testsuite hostname="THAMU" failures="0" tests="1" name="com.qa.testcases.CreateNewContactPageTest" time="38.772" errors="0" timestamp="2023-07-31T19:23:27 IST" skipped="0">
  <testcase classname="com.qa.testcases.CreateNewContactPageTest" name="createNewContact" time="38.772"/>
  <system-out/>
</testsuite> <!-- com.qa.testcases.CreateNewContactPageTest -->
