<?xml version="1.0" encoding="UTF-8"?>
<!-- Generated by org.testng.reporters.JUnitReportReporter -->
<testsuite hostname="THAMU" failures="0" tests="3" name="com.qa.testcases.LoginPageTest" time="95.761" errors="0" timestamp="2023-07-31T19:23:27 IST" skipped="0">
  <testcase classname="com.qa.testcases.LoginPageTest" name="loginpageTitleTest" time="42.847"/>
  <system-out/>
  <testcase classname="com.qa.testcases.LoginPageTest" name="crmimageLogoTest" time="23.976"/>
  <system-out/>
  <testcase classname="com.qa.testcases.LoginPageTest" name="LoginTest" time="28.938"/>
  <system-out/>
</testsuite> <!-- com.qa.testcases.LoginPageTest -->
