<?xml version="1.0" encoding="UTF-8"?>
<!-- Generated by org.testng.reporters.JUnitReportReporter -->
<testsuite hostname="THAMU" failures="0" tests="2" name="com.qa.testcases.ContactPageTest" time="65.752" errors="0" timestamp="2023-07-31T19:23:27 IST" skipped="0">
  <testcase classname="com.qa.testcases.ContactPageTest" name="contactPagelabelTest" time="30.026"/>
  <system-out/>
  <testcase classname="com.qa.testcases.ContactPageTest" name="createNewContact" time="35.726"/>
  <system-out/>
</testsuite> <!-- com.qa.testcases.ContactPageTest -->
