<?xml version="1.0" encoding="UTF-8"?>
<!-- Generated by org.testng.reporters.JUnitReportReporter -->
<testsuite hostname="THAMU" failures="0" tests="4" name="com.qa.testcases.HomePageTest" time="122.230" errors="0" timestamp="2023-07-31T19:23:27 IST" skipped="0">
  <testcase classname="com.qa.testcases.HomePageTest" name="VerifyHomepageTitleTest" time="28.430"/>
  <system-out/>
  <testcase classname="com.qa.testcases.HomePageTest" name="UserNameLabelTest" time="34.636"/>
  <system-out/>
  <testcase classname="com.qa.testcases.HomePageTest" name="verifycontactlinkTest" time="29.010"/>
  <system-out/>
  <testcase classname="com.qa.testcases.HomePageTest" name="clickonDealsTest" time="30.154"/>
  <system-out/>
</testsuite> <!-- com.qa.testcases.HomePageTest -->
